<?xml version="1.0" encoding="UTF-8"?>
<testsuite xmlns:xsi="http://www.w3.org/2001/XMLSchema-instance" xsi:noNamespaceSchemaLocation="https://maven.apache.org/surefire/maven-surefire-plugin/xsd/surefire-test-report.xsd" version="3.0.2" name="hw3.InventoryTest" time="0.076" tests="2" errors="0" skipped="0" failures="0">
  <properties>
[...]
</properties>
  <testcase name="testGetGuitar_WithValidSerialNumber" classname="hw3.InventoryTest" time="0.048">
    <system-err><![CDATA[(122784,5495.95,(Martin,D-18,acoustic,6,Mahogany,Adirondack))
]]></system-err>
  </testcase>
  <testcase name="testGetGuitar_WithInvalidSerialNumber" classname="hw3.InventoryTest" time="0.002"/>
</testsuite>